<?xml version="1.0" encoding="UTF-8"?>
<testsuite name="edu.jsu.mcis.TicTacToeViewTest" tests="1" skipped="0" failures="0" errors="0" timestamp="2017-09-21T17:19:04" hostname="DESKTOP-QG9AENL" time="0.015">
  <properties/>
  <testcase name="testViewOfBlankGrid" classname="edu.jsu.mcis.TicTacToeViewTest" time="0.015"/>
  <system-out><![CDATA[]]></system-out>
  <system-err><![CDATA[]]></system-err>
</testsuite>
